Broadcast Receivers/BcastRecSinBcastStatReg/app/build/intermediates/manifest_merge_blame_file/debug/manifest-merger-blame-debug-report.txt
1<?xml version="1.0" encoding="utf-8"?>
2<manifest xmlns:android="http://schemas.android.com/apk/res/android"
3    package="course.examples.broadcastreceiver.singlebroadcaststaticregistration"
4    android:versionCode="1"
5    android:versionName="1.0" >
6
7    <uses-sdk
8        android:minSdkVersion="14"
8-->src\main\AndroidManifest.xml
9        android:targetSdkVersion="28" />
9-->src\main\AndroidManifest.xml
10
11    <uses-permission android:name="android.permission.VIBRATE" >
11-->src\main\AndroidManifest.xml:7:5-8:23
11-->src\main\AndroidManifest.xml:7:22-63
12    </uses-permission>
13
14    <application
14-->src\main\AndroidManifest.xml:10:5-32:19
15        android:allowBackup="false"
15-->src\main\AndroidManifest.xml:11:9-36
16        android:debuggable="true"
17        android:icon="@drawable/ic_launcher"
17-->src\main\AndroidManifest.xml:12:9-45
18        android:label="@string/app_name"
18-->src\main\AndroidManifest.xml:13:9-41
19        android:testOnly="true" >
20        <activity
20-->src\main\AndroidManifest.xml:14:9-22:20
21            android:name="course.examples.broadcastreceiver.singlebroadcaststaticregistration.SimpleBroadcast"
21-->src\main\AndroidManifest.xml:15:13-111
22            android:label="@string/app_name" >
22-->src\main\AndroidManifest.xml:16:13-45
23            <intent-filter>
23-->src\main\AndroidManifest.xml:17:13-21:29
24                <action android:name="android.intent.action.MAIN" />
24-->src\main\AndroidManifest.xml:18:17-69
24-->src\main\AndroidManifest.xml:18:25-66
25
26                <category android:name="android.intent.category.LAUNCHER" />
26-->src\main\AndroidManifest.xml:20:17-77
26-->src\main\AndroidManifest.xml:20:27-74
27            </intent-filter>
28        </activity>
29
30        <receiver
30-->src\main\AndroidManifest.xml:24:9-31:20
31            android:name="course.examples.broadcastreceiver.singlebroadcaststaticregistration.Receiver"
31-->src\main\AndroidManifest.xml:25:13-104
32            android:exported="false" >
32-->src\main\AndroidManifest.xml:26:13-37
33            <intent-filter>
33-->src\main\AndroidManifest.xml:27:13-30:29
34                <action android:name="course.examples.BroadcastReceiver.show_toast" >
34-->src\main\AndroidManifest.xml:28:17-29:26
34-->src\main\AndroidManifest.xml:28:25-84
35                </action>
36            </intent-filter>
37        </receiver>
38    </application>
39
40</manifest>